2025-10-30 22:20:39,726 - __main__ - INFO - Using font: Vazir
2025-10-30 22:20:39,728 - __main__ - INFO - Using API key from config file
2025-10-30 22:20:40,203 - data.data_fetcher - INFO - CryptoCompare API Key set successfully
2025-10-30 22:20:55,743 - data.data_fetcher - INFO - Received 100 records for BTC with interval ۱ ساعت
2025-10-30 22:22:16,084 - data.data_fetcher - INFO - Received 100 records for BTC with interval ۱ هفته
2025-10-30 22:31:14,575 - __main__ - INFO - Application closed
2025-10-30 22:31:18,026 - __main__ - INFO - Using API key from config file
2025-10-30 22:31:18,506 - data.data_fetcher - INFO - CryptoCompare API Key set successfully
2025-10-30 22:31:31,543 - __main__ - INFO - Strategy updated: RSI=14, OB=70, OS=30
2025-10-30 22:31:50,088 - __main__ - ERROR - Analysis error: 'MetricWidget' object has no attribute 'value_label'
2025-10-30 22:31:55,794 - __main__ - INFO - Application closed
2025-10-30 22:54:17,386 - __main__ - INFO - Using font: Vazir
2025-10-30 22:54:17,389 - __main__ - INFO - Using API key from config file
2025-10-30 22:54:17,888 - data.data_fetcher - INFO - CryptoCompare API Key set successfully
2025-10-30 22:54:36,218 - data.data_fetcher - INFO - Received 100 records for BTC with interval ۱ روز
2025-10-30 23:04:02,205 - __main__ - INFO - Application closed
2025-10-30 23:07:48,273 - __main__ - INFO - فونت فعال: Vazir
2025-10-30 23:07:49,018 - data.data_fetcher - INFO - CryptoCompare API Key set successfully
2025-10-30 23:09:43,407 - __main__ - INFO - فونت فعال: Vazir
2025-10-30 23:09:44,139 - data.data_fetcher - INFO - CryptoCompare API Key set successfully
2025-10-30 23:32:27,160 - __main__ - INFO - فونت فعال: Vazir
2025-10-30 23:32:27,897 - data.data_fetcher - INFO - CryptoCompare API Key set successfully
2025-10-30 23:32:47,942 - __main__ - INFO - فونت فعال: Vazir
2025-10-30 23:32:48,668 - data_fetcher - INFO - CryptoCompare API Key set successfully
2025-10-30 23:33:03,958 - data_fetcher - INFO - Received 100 records for BTC with interval ۱ ساعت
2025-10-30 23:33:27,246 - data_fetcher - INFO - Received 100 records for BTC with interval ۱ هفته
2025-10-30 23:34:26,273 - data_fetcher - INFO - Received 100 records for DOGE with interval ۱ هفته
2025-10-30 23:40:13,139 - __main__ - INFO - فونت فعال: Vazir
2025-10-30 23:40:13,938 - data.data_fetcher - INFO - CryptoCompare API Key set successfully
2025-10-30 23:40:31,295 - data.data_fetcher - INFO - Received 100 records for BTC with interval ۱ هفته
2025-10-30 23:45:17,146 - __main__ - INFO - فونت فعال: Vazir
2025-10-30 23:45:17,892 - data.data_fetcher - INFO - CryptoCompare API Key set successfully
